0 info it worked if it ends with ok
1 verbose cli [ 'node', '/usr/local/bin/npm', 'publish' ]
2 info using npm@1.4.23
3 info using node@v0.10.31
4 verbose publish [ '.' ]
5 verbose cache add [ '.', null ]
6 verbose cache add name=undefined spec="." args=[".",null]
7 verbose parsed url { protocol: null,
7 verbose parsed url   slashes: null,
7 verbose parsed url   auth: null,
7 verbose parsed url   host: null,
7 verbose parsed url   port: null,
7 verbose parsed url   hostname: null,
7 verbose parsed url   hash: null,
7 verbose parsed url   search: null,
7 verbose parsed url   query: null,
7 verbose parsed url   pathname: '.',
7 verbose parsed url   path: '.',
7 verbose parsed url   href: '.' }
8 silly lockFile 3a52ce78- .
9 verbose lock . /Users/tf/.npm/3a52ce78-.lock
10 verbose tar pack [ '/Users/tf/.npm/kilroy/0.1.0/package.tgz', '.' ]
11 verbose tarball /Users/tf/.npm/kilroy/0.1.0/package.tgz
12 verbose folder .
13 info prepublish kilroy@0.1.0
14 silly lockFile 1f1177db-tar tar://.
15 verbose lock tar://. /Users/tf/.npm/1f1177db-tar.lock
16 silly lockFile 178022b5--tf-npm-kilroy-0-1-0-package-tgz tar:///Users/tf/.npm/kilroy/0.1.0/package.tgz
17 verbose lock tar:///Users/tf/.npm/kilroy/0.1.0/package.tgz /Users/tf/.npm/178022b5--tf-npm-kilroy-0-1-0-package-tgz.lock
18 silly lockFile 1f1177db-tar tar://.
19 silly lockFile 1f1177db-tar tar://.
20 silly lockFile 178022b5--tf-npm-kilroy-0-1-0-package-tgz tar:///Users/tf/.npm/kilroy/0.1.0/package.tgz
21 silly lockFile 178022b5--tf-npm-kilroy-0-1-0-package-tgz tar:///Users/tf/.npm/kilroy/0.1.0/package.tgz
22 silly lockFile 54f08d8b-sers-tf-npm-kilroy-0-1-0-package /Users/tf/.npm/kilroy/0.1.0/package
23 verbose lock /Users/tf/.npm/kilroy/0.1.0/package /Users/tf/.npm/54f08d8b-sers-tf-npm-kilroy-0-1-0-package.lock
24 silly lockFile 54f08d8b-sers-tf-npm-kilroy-0-1-0-package /Users/tf/.npm/kilroy/0.1.0/package
25 silly lockFile 54f08d8b-sers-tf-npm-kilroy-0-1-0-package /Users/tf/.npm/kilroy/0.1.0/package
26 silly lockFile 3a52ce78- .
27 silly lockFile 3a52ce78- .
28 silly publish { name: 'kilroy',
28 silly publish   author: { name: 'Tim Farland', email: 'twfarland@gmail.com' },
28 silly publish   repository: { type: 'git', url: 'https://github.com/twfarland/kilroy' },
28 silly publish   description: 'Javascript virtual dom based ui library',
28 silly publish   homepage: 'http://github.com/twfarland/kilroy',
28 silly publish   version: '0.1.0',
28 silly publish   devDependencies:
28 silly publish    { grunt: '~0.4.5',
28 silly publish      'grunt-contrib-jshint': '~0.10.0',
28 silly publish      'grunt-contrib-nodeunit': '~0.4.1',
28 silly publish      'grunt-contrib-uglify': '0.5.0',
28 silly publish      'grunt-contrib-qunit': '0.7.0',
28 silly publish      'grunt-contrib-concat': '0.5.1',
28 silly publish      'grunt-contrib-watch': '0.6.1' },
28 silly publish   readme: '# Kilroy\n\nA tiny, fast javascript ui library inspired by React.js.',
28 silly publish   readmeFilename: 'README.md',
28 silly publish   gitHead: '5c082fd275fc915847e758edbe0f20f506fd5a3e',
28 silly publish   bugs: { url: 'https://github.com/twfarland/kilroy/issues' },
28 silly publish   _id: 'kilroy@0.1.0',
28 silly publish   scripts: {},
28 silly publish   _shasum: 'fc6f98240a044980c6286a9e958ca1c82802ab12',
28 silly publish   _from: '.' }
29 verbose request where is /kilroy
30 verbose request registry https://registry.npmjs.org/
31 verbose request id ee1f32f4e85c435d
32 verbose url raw /kilroy
33 verbose url resolving [ 'https://registry.npmjs.org/', './kilroy' ]
34 verbose url resolved https://registry.npmjs.org/kilroy
35 verbose request where is https://registry.npmjs.org/kilroy
36 info trying registry request attempt 1 at 13:46:52
37 http PUT https://registry.npmjs.org/kilroy
38 http 403 https://registry.npmjs.org/kilroy
39 verbose headers { 'content-type': 'application/json',
39 verbose headers   'cache-control': 'max-age=60',
39 verbose headers   'content-length': '128',
39 verbose headers   'accept-ranges': 'bytes',
39 verbose headers   date: 'Tue, 23 Jun 2015 01:46:53 GMT',
39 verbose headers   via: '1.1 varnish',
39 verbose headers   connection: 'keep-alive',
39 verbose headers   'x-served-by': 'cache-akl6421-AKL',
39 verbose headers   'x-cache': 'MISS',
39 verbose headers   'x-cache-hits': '0',
39 verbose headers   'x-timer': 'S1435024012.492591,VS0,VE773' }
40 error publish Failed PUT 403
41 error Error: "You cannot publish over the previously published version 0.1.0. Try bumping the version to 1.0.0" : kilroy
41 error     at RegClient.<anonymous> (/usr/local/lib/node_modules/npm/node_modules/npm-registry-client/lib/request.js:300:14)
41 error     at Request._callback (/usr/local/lib/node_modules/npm/node_modules/npm-registry-client/lib/request.js:238:65)
41 error     at Request.self.callback (/usr/local/lib/node_modules/npm/node_modules/request/request.js:123:22)
41 error     at Request.emit (events.js:98:17)
41 error     at Request.<anonymous> (/usr/local/lib/node_modules/npm/node_modules/request/request.js:893:14)
41 error     at Request.emit (events.js:117:20)
41 error     at IncomingMessage.<anonymous> (/usr/local/lib/node_modules/npm/node_modules/request/request.js:844:12)
41 error     at IncomingMessage.emit (events.js:117:20)
41 error     at _stream_readable.js:943:16
41 error     at process._tickCallback (node.js:419:13)
42 error If you need help, you may report this *entire* log,
42 error including the npm and node versions, at:
42 error     <http://github.com/npm/npm/issues>
43 error System Darwin 13.4.0
44 error command "node" "/usr/local/bin/npm" "publish"
45 error cwd /Users/tf/dev/kilroy
46 error node -v v0.10.31
47 error npm -v 1.4.23
48 verbose exit [ 1, true ]
